<?xml version="1.0" encoding="UTF-8"?>
<testng-results ignored="0" total="0" passed="0" failed="0" skipped="0">
  <reporter-output>
  </reporter-output>
  <suite started-at="2025-02-15T17:01:19 IST" name="TestRunner.TestRunnerTestNg" finished-at="2025-02-15T17:01:19 IST" duration-ms="17">
    <groups>
    </groups>
    <test started-at="2025-02-15T17:01:19 IST" name="Command line test" finished-at="2025-02-15T17:01:19 IST" duration-ms="17">
    </test> <!-- Command line test -->
  </suite> <!-- TestRunner.TestRunnerTestNg -->
</testng-results>
